Arguments: 
  C:\Program Files\nodejs\node.exe C:\Program Files (x86)\Yarn\bin\yarn.js add @antora/xref-validator

PATH: 
  C:\Program Files\Git\mingw64\bin;C:\Program Files\Git\usr\bin;C:\Users\Oliver\bin;C:\Program Files\AdoptOpenJDK\jre-16.0.1.9-hotspot\bin;C:\Perl64\bin;C:\Users\Oliver\AppData\Roaming\ActiveState\bin;C:\Program Files\AdoptOpenJDK\jre-15.0.2.7-hotspot\bin;C:\Program Files\AdoptOpenJDK\jdk-15.0.2.7-hotspot\bin;C:\Program Files\AdoptOpenJDK\jdk-8.0.275.1-hotspot\bin;C:\Program Files\ImageMagick-7.0.10-Q16-HDRI;C:\Perl64\site\bin;C:\Program Files\AdoptOpenJDK\jdk-11.0.7.10-hotspot\bin;C:\Windows\system32;C:\Windows;C:\Windows\System32\Wbem;C:\Windows\System32\WindowsPowerShell\v1.0;C:\Windows\System32\OpenSSH;C:\ProgramData\chocolatey\bin;C:\Program Files\Microsoft VS Code\bin;C:\Program Files\dotnet;C:\Program Files (x86)\NVIDIA Corporation\PhysX\Common;C:\Program Files\NVIDIA Corporation\NVIDIA NvDLISR;C:\Program Files (x86)\Windows Kits\10\Windows Performance Toolkit;C:\Users\Oliver\AppData\Roaming\nvm;C:\Program Files\nodejs;C:\Program Files (x86)\Yarn\bin;C:\Program Files (x86)\Microsoft SQL Server\150\DTS\Binn;C:\ProgramData\chocolatey\lib\maven\apache-maven-3.6.3\bin;C:\Program Files\MiKTeX\miktex\bin\x64;C:\Program Files\Microsoft SQL Server\150\DTS\Binn;C:\Program Files (x86)\GnuPG\bin;C:\WINDOWS\system32;C:\WINDOWS;C:\WINDOWS\System32\Wbem;C:\WINDOWS\System32\WindowsPowerShell\v1.0;C:\WINDOWS\System32\OpenSSH;C:\Program Files\Git\cmd;C:\Program Files\Go\bin;C:\tools\php80;C:\Program Files\OpenSSH-Win64;C:\WINDOWS\system32;C:\WINDOWS;C:\WINDOWS\System32\Wbem;C:\WINDOWS\System32\WindowsPowerShell\v1.0;C:\WINDOWS\System32\OpenSSH;C:\Program Files\Microsoft Network Monitor 3;C:\Users\Oliver\AppData\Local\Microsoft\WindowsApps;C:\Users\Oliver\.dotnet\tools;C:\Users\Oliver\AppData\Local\Programs\Fiddler;C:\Users\Oliver\AppData\Roaming\nvm;C:\Program Files\nodejs;C:\Users\Oliver\AppData\Local\Yarn\bin;C:\Users\Oliver\AppData\Local\Programs\Python\Python38-32;C:\Users\Oliver\AppData\Local\Programs\Python\Python38-32\Scripts;C:\Users\Oliver\AppData\Local\Programs\Azure Data Studio\bin;C:\tools\msys64;C:\Users\Oliver\AppData\Local\GitHubDesktop\bin;D:\Coding\lib\openssl\lib64;D:\Coding\lib\freetds\lib;C:\Users\Oliver\AppData\Local\gitkraken\bin;C:\Users\Oliver\AppData\Local\Microsoft\WindowsApps;C:\Users\Oliver\AppData\Local\Pandoc;C:\Program Files\Git\usr\bin;C:\Users\Oliver\go\bin;C:\Program Files\JetBrains\WebStorm 2021.2\bin;C:\Program Files\JetBrains\IntelliJ IDEA 2021.2.1\bin;C:\Program Files\JetBrains\PhpStorm 2021.2.1\bin;C:\Program Files\JetBrains\PyCharm 2021.2.1\bin;C:\Program Files\JetBrains\DataGrip 2021.2.1\bin;C:\Program Files\JetBrains\JetBrains Rider 2021.2.1\bin;C:\Users\Oliver\.dotnet\tools;C:\Program Files\Elastic\Beats\7.15.0

Yarn version: 
  1.22.4

Node version: 
  16.6.1

Platform: 
  win32 x64

Trace: 
  Error: https://registry.yarnpkg.com/@antora%2fxref-validator: Not found
      at Request.params.callback [as _callback] (C:\Program Files (x86)\Yarn\lib\cli.js:66096:18)
      at Request.self.callback (C:\Program Files (x86)\Yarn\lib\cli.js:140748:22)
      at Request.emit (node:events:394:28)
      at Request.<anonymous> (C:\Program Files (x86)\Yarn\lib\cli.js:141720:10)
      at Request.emit (node:events:394:28)
      at IncomingMessage.<anonymous> (C:\Program Files (x86)\Yarn\lib\cli.js:141642:12)
      at Object.onceWrapper (node:events:513:28)
      at IncomingMessage.emit (node:events:406:35)
      at endReadableNT (node:internal/streams/readable:1331:12)
      at processTicksAndRejections (node:internal/process/task_queues:83:21)

npm manifest: 
  {
    "name": "agrirouter-user-documentation",
    "version": "1.0.0",
    "repository": "https://github.com/DKE-Data/agrirouter-user-documentation.git",
    "author": "Oliver Rahner <o.rahner@dke-data.com>",
    "license": "Apache-2.0",
    "scripts": {
      "validate-xrefs": "antora --generator @antora/xref-validator ./antora-playbook.yml",
      "build": "DOCSEARCH_ENABLED=true DOCSEARCH_ENGINE=lunr $(npm bin)/antora --generator antora-site-generator-lunr ./antora-playbook.yml",
      "build-nosearch": "$(npm bin)/antora --generator antora-site-generator-lunr ./antora-playbook.yml",
      "generate-images": "node scripts/generate_images.js"
    },
    "dependencies": {
      "@antora/cli": "^2.3.4"
    }
  }

yarn manifest: 
  No manifest

Lockfile: 
  # THIS IS AN AUTOGENERATED FILE. DO NOT EDIT THIS FILE DIRECTLY.
  # yarn lockfile v1
  
  
  "@antora/cli@^2.3.4":
    version "2.3.4"
    resolved "https://registry.yarnpkg.com/@antora/cli/-/cli-2.3.4.tgz#1b2df06eb5bbbfcb5c6ae8618e18c79dc1f6758e"
    integrity sha512-KItaWFEf/X4LLY2XCidjD00oUp4Ay7y9Hu26+T8dPqV+qnMwOL+MGHhYXsJz+4JaeNJu1Ofwc4onmShpwHQruA==
    dependencies:
      "@antora/playbook-builder" "2.3.4"
      commander "~6.1"
  
  "@antora/playbook-builder@2.3.4":
    version "2.3.4"
    resolved "https://registry.yarnpkg.com/@antora/playbook-builder/-/playbook-builder-2.3.4.tgz#7f33d92a3800a3e3c78ebf17d4b0cd46644e0525"
    integrity sha512-iPjBndcoZhWqpN608WOkXKUUD94b3JX38igebshiT5/NRINJbeEclpdEX/gPv8D1Z1JcrSVGURZQO1uML76dkg==
    dependencies:
      "@iarna/toml" "~2.2"
      camelcase-keys "~6.2"
      convict "~6.0"
      js-yaml "~3.14"
      json5 "~2.1"
  
  "@iarna/toml@~2.2":
    version "2.2.5"
    resolved "https://registry.yarnpkg.com/@iarna/toml/-/toml-2.2.5.tgz#b32366c89b43c6f8cefbdefac778b9c828e3ba8c"
    integrity sha512-trnsAYxU3xnS1gPHPyU961coFyLkh4gAD/0zQ5mymY4yOZ+CYvsPqUbOFSw0aDM4y0tV7tiFxL/1XfXPNC6IPg==
  
  argparse@^1.0.7:
    version "1.0.10"
    resolved "https://registry.yarnpkg.com/argparse/-/argparse-1.0.10.tgz#bcd6791ea5ae09725e17e5ad988134cd40b3d911"
    integrity sha512-o5Roy6tNG4SL/FOkCAN6RzjiakZS25RLYFrcMttJqbdd8BWrnA+fGz57iN5Pb06pvBGvl5gQ0B48dJlslXvoTg==
    dependencies:
      sprintf-js "~1.0.2"
  
  camelcase-keys@~6.2:
    version "6.2.2"
    resolved "https://registry.yarnpkg.com/camelcase-keys/-/camelcase-keys-6.2.2.tgz#5e755d6ba51aa223ec7d3d52f25778210f9dc3c0"
    integrity sha512-YrwaA0vEKazPBkn0ipTiMpSajYDSe+KjQfrjhcBMxJt/znbvlHd8Pw/Vamaz5EB4Wfhs3SUR3Z9mwRu/P3s3Yg==
    dependencies:
      camelcase "^5.3.1"
      map-obj "^4.0.0"
      quick-lru "^4.0.1"
  
  camelcase@^5.0.0, camelcase@^5.3.1:
    version "5.3.1"
    resolved "https://registry.yarnpkg.com/camelcase/-/camelcase-5.3.1.tgz#e3c9b31569e106811df242f715725a1f4c494320"
    integrity sha512-L28STB170nwWS63UjtlEOE3dldQApaJXZkOI1uMFfzf3rRuPegHaHesyee+YxQ+W6SvRDQV6UrdOdRiR153wJg==
  
  commander@~6.1:
    version "6.1.0"
    resolved "https://registry.yarnpkg.com/commander/-/commander-6.1.0.tgz#f8d722b78103141006b66f4c7ba1e97315ba75bc"
    integrity sha512-wl7PNrYWd2y5mp1OK/LhTlv8Ff4kQJQRXXAvF+uU/TPNiVJUxZLRYGj/B0y/lPGAVcSbJqH2Za/cvHmrPMC8mA==
  
  convict@~6.0:
    version "6.0.1"
    resolved "https://registry.yarnpkg.com/convict/-/convict-6.0.1.tgz#d909a844d8a1187d1366d47d9bc21ec052e8bf0d"
    integrity sha512-M4YNNq5NV4/VS8JhvBSHAokwvQRL4evEuU0VFe1GNPiqnj9TAkLXpf39ImCCVZlsp3CFp04bc/kRSWPGsJGJWg==
    dependencies:
      lodash.clonedeep "^4.5.0"
      yargs-parser "^18.1.3"
  
  decamelize@^1.2.0:
    version "1.2.0"
    resolved "https://registry.yarnpkg.com/decamelize/-/decamelize-1.2.0.tgz#f6534d15148269b20352e7bee26f501f9a191290"
    integrity sha1-9lNNFRSCabIDUue+4m9QH5oZEpA=
  
  esprima@^4.0.0:
    version "4.0.1"
    resolved "https://registry.yarnpkg.com/esprima/-/esprima-4.0.1.tgz#13b04cdb3e6c5d19df91ab6987a8695619b0aa71"
    integrity sha512-eGuFFw7Upda+g4p+QHvnW0RyTX/SVeJBDM/gCtMARO0cLuT2HcEKnTPvhjV6aGeqrCB/sbNop0Kszm0jsaWU4A==
  
  js-yaml@~3.14:
    version "3.14.1"
    resolved "https://registry.yarnpkg.com/js-yaml/-/js-yaml-3.14.1.tgz#dae812fdb3825fa306609a8717383c50c36a0537"
    integrity sha512-okMH7OXXJ7YrN9Ok3/SXrnu4iX9yOk+25nqX4imS2npuvTYDmo/QEZoqwZkYaIDk3jVvBOTOIEgEhaLOynBS9g==
    dependencies:
      argparse "^1.0.7"
      esprima "^4.0.0"
  
  json5@~2.1:
    version "2.1.3"
    resolved "https://registry.yarnpkg.com/json5/-/json5-2.1.3.tgz#c9b0f7fa9233bfe5807fe66fcf3a5617ed597d43"
    integrity sha512-KXPvOm8K9IJKFM0bmdn8QXh7udDh1g/giieX0NLCaMnb4hEiVFqnop2ImTXCc5e0/oHz3LTqmHGtExn5hfMkOA==
    dependencies:
      minimist "^1.2.5"
  
  lodash.clonedeep@^4.5.0:
    version "4.5.0"
    resolved "https://registry.yarnpkg.com/lodash.clonedeep/-/lodash.clonedeep-4.5.0.tgz#e23f3f9c4f8fbdde872529c1071857a086e5ccef"
    integrity sha1-4j8/nE+Pvd6HJSnBBxhXoIblzO8=
  
  map-obj@^4.0.0:
    version "4.3.0"
    resolved "https://registry.yarnpkg.com/map-obj/-/map-obj-4.3.0.tgz#9304f906e93faae70880da102a9f1df0ea8bb05a"
    integrity sha512-hdN1wVrZbb29eBGiGjJbeP8JbKjq1urkHJ/LIP/NY48MZ1QVXUsQBV1G1zvYFHn1XE06cwjBsOI2K3Ulnj1YXQ==
  
  minimist@^1.2.5:
    version "1.2.5"
    resolved "https://registry.yarnpkg.com/minimist/-/minimist-1.2.5.tgz#67d66014b66a6a8aaa0c083c5fd58df4e4e97602"
    integrity sha512-FM9nNUYrRBAELZQT3xeZQ7fmMOBg6nWNmJKTcgsJeaLstP/UODVpGsr5OhXhhXg6f+qtJ8uiZ+PUxkDWcgIXLw==
  
  quick-lru@^4.0.1:
    version "4.0.1"
    resolved "https://registry.yarnpkg.com/quick-lru/-/quick-lru-4.0.1.tgz#5b8878f113a58217848c6482026c73e1ba57727f"
    integrity sha512-ARhCpm70fzdcvNQfPoy49IaanKkTlRWF2JMzqhcJbhSFRZv7nPTvZJdcY7301IPmvW+/p0RgIWnQDLJxifsQ7g==
  
  sprintf-js@~1.0.2:
    version "1.0.3"
    resolved "https://registry.yarnpkg.com/sprintf-js/-/sprintf-js-1.0.3.tgz#04e6926f662895354f3dd015203633b857297e2c"
    integrity sha1-BOaSb2YolTVPPdAVIDYzuFcpfiw=
  
  yargs-parser@^18.1.3:
    version "18.1.3"
    resolved "https://registry.yarnpkg.com/yargs-parser/-/yargs-parser-18.1.3.tgz#be68c4975c6b2abf469236b0c870362fab09a7b0"
    integrity sha512-o50j0JeToy/4K6OZcaQmW6lyXXKhq7csREXcDwk2omFPJEwUNOVtJKvmDr9EI1fAJZUyZcRF7kxGBWmRXudrCQ==
    dependencies:
      camelcase "^5.0.0"
      decamelize "^1.2.0"
